0
12
23.8368
0.736
0.72608
4.73741
2.40845
2.67904
0.6272
0.43776
2.23283
3.38688
0.77952
0.9856
2.04864
0.01
12
28.3062
0.874
0.86222
5.62567
2.86003
3.18136
0.7448
0.51984
2.65149
4.02192
0.92568
1.1704
2.43276
0.02
12
28.3062
0.874
0.86222
5.62567
2.86003
3.18136
0.7448
0.51984
2.65149
4.02192
0.92568
1.1704
2.43276
0.03
12
36.5001
1.127
1.11181
7.25416
3.68794
4.10228
0.9604
0.67032
3.41902
5.18616
1.19364
1.5092
3.13698
0.04
12
26.8164
0.828
0.81684
5.32958
2.7095
3.01392
0.7056
0.49248
2.51194
3.81024
0.87696
1.1088
2.30472
0.05
12
25.3266
0.782
0.77146
5.0335
2.55898
2.84648
0.6664
0.46512
2.37238
3.59856
0.82824
1.0472
2.17668
0.06
12
28.3062
0.874
0.86222
5.62567
2.86003
3.18136
0.7448
0.51984
2.65149
4.02192
0.92568
1.1704
2.43276
0.07
12
26.8164
0.828
0.81684
5.32958
2.7095
3.01392
0.7056
0.49248
2.51194
3.81024
0.87696
1.1088
2.30472
0.08
12
37.245
1.15
1.1345
7.4022
3.7632
4.186
0.98
0.684
3.4888
5.292
1.218
1.54
3.201
0.09
12
33.5205
1.035
1.02105
6.66198
3.38688
3.7674
0.882
0.6156
3.13992
4.7628
1.0962
1.386
2.8809
0.1
12
35.7552
1.104
1.08912
7.10611
3.61267
4.01856
0.9408
0.65664
3.34925
5.08032
1.16928
1.4784
3.07296
0.11
12
27.5613
0.851
0.83953
5.47763
2.78477
3.09764
0.7252
0.50616
2.58171
3.91608
0.90132
1.1396
2.36874
0.12
12
33.5205
1.035
1.02105
6.66198
3.38688
3.7674
0.882
0.6156
3.13992
4.7628
1.0962
1.386
2.8809
0.13
12
32.0307
0.989
0.97567
6.36589
3.23635
3.59996
0.8428
0.58824
3.00037
4.55112
1.04748
1.3244
2.75286
0.14
12
23.0919
0.713
0.70339
4.58936
2.33318
2.59532
0.6076
0.42408
2.16306
3.28104
0.75516
0.9548
1.98462
0.15
12
30.5409
0.943
0.93029
6.0698
3.08582
3.43252
0.8036
0.56088
2.86082
4.33944
0.99876
1.2628
2.62482
0.16
12
19.3674
0.598
0.58994
3.84914
1.95686
2.17672
0.5096
0.35568
1.81418
2.75184
0.63336
0.8008
1.66452
0.17
12
26.8164
0.828
0.81684
5.32958
2.7095
3.01392
0.7056
0.49248
2.51194
3.81024
0.87696
1.1088
2.30472
0.18
12
30.5409
0.943
0.93029
6.0698
3.08582
3.43252
0.8036
0.56088
2.86082
4.33944
0.99876
1.2628
2.62482
0.19
12
34.2654
1.058
1.04374
6.81002
3.46214
3.85112
0.9016
0.62928
3.2097
4.86864
1.12056
1.4168
2.94492
0.2
12
34.2654
1.058
1.04374
6.81002
3.46214
3.85112
0.9016
0.62928
3.2097
4.86864
1.12056
1.4168
2.94492
0.21
12
25.3266
0.782
0.77146
5.0335
2.55898
2.84648
0.6664
0.46512
2.37238
3.59856
0.82824
1.0472
2.17668
0.22
12
29.796
0.92
0.9076
5.92176
3.01056
3.3488
0.784
0.5472
2.79104
4.2336
0.9744
1.232
2.5608
0.23
12
41.7144
1.288
1.27064
8.29046
4.21478
4.68832
1.0976
0.76608
3.90746
5.92704
1.36416
1.7248
3.58512
0.24
12
37.245
1.15
1.1345
7.4022
3.7632
4.186
0.98
0.684
3.4888
5.292
1.218
1.54
3.201
0.25
12
26.0715
0.805
0.79415
5.18154
2.63424
2.9302
0.686
0.4788
2.44216
3.7044
0.8526
1.078
2.2407
0.26
12
32.0307
0.989
0.97567
6.36589
3.23635
3.59996
0.8428
0.58824
3.00037
4.55112
1.04748
1.3244
2.75286
0.27
12
24.5817
0.759
0.74877
4.88545
2.48371
2.76276
0.6468
0.45144
2.30261
3.49272
0.80388
1.0164
2.11266
0.28
12
32.0307
0.989
0.97567
6.36589
3.23635
3.59996
0.8428
0.58824
3.00037
4.55112
1.04748
1.3244
2.75286
0.29
12
29.796
0.92
0.9076
5.92176
3.01056
3.3488
0.784
0.5472
2.79104
4.2336
0.9744
1.232
2.5608
0.3
12
28.3062
0.874
0.86222
5.62567
2.86003
3.18136
0.7448
0.51984
2.65149
4.02192
0.92568
1.1704
2.43276
0.31
12
22.347
0.69
0.6807
4.44132
2.25792
2.5116
0.588
0.4104
2.09328
3.1752
0.7308
0.924
1.9206
0.32
12
26.8164
0.828
0.81684
5.32958
2.7095
3.01392
0.7056
0.49248
2.51194
3.81024
0.87696
1.1088
2.30472
0.33
12
23.8368
0.736
0.72608
4.73741
2.40845
2.67904
0.6272
0.43776
2.23283
3.38688
0.77952
0.9856
2.04864
0.34
12
23.0919
0.713
0.70339
4.58936
2.33318
2.59532
0.6076
0.42408
2.16306
3.28104
0.75516
0.9548
1.98462
0.35
12
27.5613
0.851
0.83953
5.47763
2.78477
3.09764
0.7252
0.50616
2.58171
3.91608
0.90132
1.1396
2.36874
0.36
12
29.0511
0.897
0.88491
5.77372
2.9353
3.26508
0.7644
0.53352
2.72126
4.12776
0.95004
1.2012
2.49678
0.37
12
31.2858
0.966
0.95298
6.21785
3.16109
3.51624
0.8232
0.57456
2.93059
4.44528
1.02312
1.2936
2.68884
0.38
12
33.5205
1.035
1.02105
6.66198
3.38688
3.7674
0.882
0.6156
3.13992
4.7628
1.0962
1.386
2.8809
0.39
12
37.245
1.15
1.1345
7.4022
3.7632
4.186
0.98
0.684
3.4888
5.292
1.218
1.54
3.201
0.4
12
30.5409
0.943
0.93029
6.0698
3.08582
3.43252
0.8036
0.56088
2.86082
4.33944
0.99876
1.2628
2.62482
0.41
12
34.2654
1.058
1.04374
6.81002
3.46214
3.85112
0.9016
0.62928
3.2097
4.86864
1.12056
1.4168
2.94492
0.42
12
20.1123
0.621
0.61263
3.99719
2.03213
2.26044
0.5292
0.36936
1.88395
2.85768
0.65772
0.8316
1.72854
0.43
12
35.7552
1.104
1.08912
7.10611
3.61267
4.01856
0.9408
0.65664
3.34925
5.08032
1.16928
1.4784
3.07296
0.44
12
37.245
1.15
1.1345
7.4022
3.7632
4.186
0.98
0.684
3.4888
5.292
1.218
1.54
3.201
0.45
12
39.4797
1.219
1.20257
7.84633
3.98899
4.43716
1.0388
0.72504
3.69813
5.60952
1.29108
1.6324
3.39306
0.46
12
22.347
0.69
0.6807
4.44132
2.25792
2.5116
0.588
0.4104
2.09328
3.1752
0.7308
0.924
1.9206
0.47
12
35.7552
1.104
1.08912
7.10611
3.61267
4.01856
0.9408
0.65664
3.34925
5.08032
1.16928
1.4784
3.07296
0.48
12
19.3674
0.598
0.58994
3.84914
1.95686
2.17672
0.5096
0.35568
1.81418
2.75184
0.63336
0.8008
1.66452
0.49
12
26.8164
0.828
0.81684
5.32958
2.7095
3.01392
0.7056
0.49248
2.51194
3.81024
0.87696
1.1088
2.30472
0.5
12
26.8164
0.828
0.81684
5.32958
2.7095
3.01392
0.7056
0.49248
2.51194
3.81024
0.87696
1.1088
2.30472
0.51
12
25.3266
0.782
0.77146
5.0335
2.55898
2.84648
0.6664
0.46512
2.37238
3.59856
0.82824
1.0472
2.17668
0.52
12
24.5817
0.759
0.74877
4.88545
2.48371
2.76276
0.6468
0.45144
2.30261
3.49272
0.80388
1.0164
2.11266
0.53
12
25.3266
0.782
0.77146
5.0335
2.55898
2.84648
0.6664
0.46512
2.37238
3.59856
0.82824
1.0472
2.17668
0.54
12
26.8164
0.828
0.81684
5.32958
2.7095
3.01392
0.7056
0.49248
2.51194
3.81024
0.87696
1.1088
2.30472
0.55
12
29.796
0.92
0.9076
5.92176
3.01056
3.3488
0.784
0.5472
2.79104
4.2336
0.9744
1.232
2.5608
0.56
12
32.0307
0.989
0.97567
6.36589
3.23635
3.59996
0.8428
0.58824
3.00037
4.55112
1.04748
1.3244
2.75286
0.57
12
42.4593
1.311
1.29333
8.43851
4.29005
4.77204
1.1172
0.77976
3.97723
6.03288
1.38852
1.7556
3.64914
0.58
12
26.0715
0.805
0.79415
5.18154
2.63424
2.9302
0.686
0.4788
2.44216
3.7044
0.8526
1.078
2.2407
0.59
12
29.0511
0.897
0.88491
5.77372
2.9353
3.26508
0.7644
0.53352
2.72126
4.12776
0.95004
1.2012
2.49678
0.6
12
30.5409
0.943
0.93029
6.0698
3.08582
3.43252
0.8036
0.56088
2.86082
4.33944
0.99876
1.2628
2.62482
0.61
12
23.8368
0.736
0.72608
4.73741
2.40845
2.67904
0.6272
0.43776
2.23283
3.38688
0.77952
0.9856
2.04864
0.62
12
25.3266
0.782
0.77146
5.0335
2.55898
2.84648
0.6664
0.46512
2.37238
3.59856
0.82824
1.0472
2.17668
0.63
12
32.0307
0.989
0.97567
6.36589
3.23635
3.59996
0.8428
0.58824
3.00037
4.55112
1.04748
1.3244
2.75286
0.64
12
29.0511
0.897
0.88491
5.77372
2.9353
3.26508
0.7644
0.53352
2.72126
4.12776
0.95004
1.2012
2.49678
0.65
12
30.5409
0.943
0.93029
6.0698
3.08582
3.43252
0.8036
0.56088
2.86082
4.33944
0.99876
1.2628
2.62482
0.66
12
35.0103
1.081
1.06643
6.95807
3.53741
3.93484
0.9212
0.64296
3.27947
4.97448
1.14492
1.4476
3.00894
0.67
12
37.9899
1.173
1.15719
7.55024
3.83846
4.26972
0.9996
0.69768
3.55858
5.39784
1.24236
1.5708
3.26502
0.68
12
26.8164
0.828
0.81684
5.32958
2.7095
3.01392
0.7056
0.49248
2.51194
3.81024
0.87696
1.1088
2.30472
0.69
12
24.5817
0.759
0.74877
4.88545
2.48371
2.76276
0.6468
0.45144
2.30261
3.49272
0.80388
1.0164
2.11266
0.7
12
28.3062
0.874
0.86222
5.62567
2.86003
3.18136
0.7448
0.51984
2.65149
4.02192
0.92568
1.1704
2.43276
0.71
12
40.2246
1.242
1.22526
7.99438
4.06426
4.52088
1.0584
0.73872
3.7679
5.71536
1.31544
1.6632
3.45708
0.72
12
35.7552
1.104
1.08912
7.10611
3.61267
4.01856
0.9408
0.65664
3.34925
5.08032
1.16928
1.4784
3.07296
0.73
12
37.245
1.15
1.1345
7.4022
3.7632
4.186
0.98
0.684
3.4888
5.292
1.218
1.54
3.201
0.74
12
34.2654
1.058
1.04374
6.81002
3.46214
3.85112
0.9016
0.62928
3.2097
4.86864
1.12056
1.4168
2.94492
0.75
12
20.8572
0.644
0.63532
4.14523
2.10739
2.34416
0.5488
0.38304
1.95373
2.96352
0.68208
0.8624
1.79256
0.76
12
29.796
0.92
0.9076
5.92176
3.01056
3.3488
0.784
0.5472
2.79104
4.2336
0.9744
1.232
2.5608
0.77
12
25.3266
0.782
0.77146
5.0335
2.55898
2.84648
0.6664
0.46512
2.37238
3.59856
0.82824
1.0472
2.17668
0.78
12
35.0103
1.081
1.06643
6.95807
3.53741
3.93484
0.9212
0.64296
3.27947
4.97448
1.14492
1.4476
3.00894
0.79
12
29.796
0.92
0.9076
5.92176
3.01056
3.3488
0.784
0.5472
2.79104
4.2336
0.9744
1.232
2.5608
0.8
12
35.7552
1.104
1.08912
7.10611
3.61267
4.01856
0.9408
0.65664
3.34925
5.08032
1.16928
1.4784
3.07296
0.81
12
20.8572
0.644
0.63532
4.14523
2.10739
2.34416
0.5488
0.38304
1.95373
2.96352
0.68208
0.8624
1.79256
0.82
12
28.3062
0.874
0.86222
5.62567
2.86003
3.18136
0.7448
0.51984
2.65149
4.02192
0.92568
1.1704
2.43276
0.83
12
34.2654
1.058
1.04374
6.81002
3.46214
3.85112
0.9016
0.62928
3.2097
4.86864
1.12056
1.4168
2.94492
0.84
12
28.3062
0.874
0.86222
5.62567
2.86003
3.18136
0.7448
0.51984
2.65149
4.02192
0.92568
1.1704
2.43276
0.85
12
37.245
1.15
1.1345
7.4022
3.7632
4.186
0.98
0.684
3.4888
5.292
1.218
1.54
3.201
0.86
12
23.8368
0.736
0.72608
4.73741
2.40845
2.67904
0.6272
0.43776
2.23283
3.38688
0.77952
0.9856
2.04864
0.87
12
29.796
0.92
0.9076
5.92176
3.01056
3.3488
0.784
0.5472
2.79104
4.2336
0.9744
1.232
2.5608
0.88
12
33.5205
1.035
1.02105
6.66198
3.38688
3.7674
0.882
0.6156
3.13992
4.7628
1.0962
1.386
2.8809
0.89
12
33.5205
1.035
1.02105
6.66198
3.38688
3.7674
0.882
0.6156
3.13992
4.7628
1.0962
1.386
2.8809
0.9
12
26.8164
0.828
0.81684
5.32958
2.7095
3.01392
0.7056
0.49248
2.51194
3.81024
0.87696
1.1088
2.30472
0.91
12
36.5001
1.127
1.11181
7.25416
3.68794
4.10228
0.9604
0.67032
3.41902
5.18616
1.19364
1.5092
3.13698
0.92
12
34.2654
1.058
1.04374
6.81002
3.46214
3.85112
0.9016
0.62928
3.2097
4.86864
1.12056
1.4168
2.94492
0.93
12
29.796
0.92
0.9076
5.92176
3.01056
3.3488
0.784
0.5472
2.79104
4.2336
0.9744
1.232
2.5608
0.94
12
19.3674
0.598
0.58994
3.84914
1.95686
2.17672
0.5096
0.35568
1.81418
2.75184
0.63336
0.8008
1.66452
0.95
12
33.5205
1.035
1.02105
6.66198
3.38688
3.7674
0.882
0.6156
3.13992
4.7628
1.0962
1.386
2.8809
0.96
12
29.796
0.92
0.9076
5.92176
3.01056
3.3488
0.784
0.5472
2.79104
4.2336
0.9744
1.232
2.5608
0.97
12
17.8776
0.552
0.54456
3.55306
1.80634
2.00928
0.4704
0.32832
1.67462
2.54016
0.58464
0.7392
1.53648
0.98
12
31.2858
0.966
0.95298
6.21785
3.16109
3.51624
0.8232
0.57456
2.93059
4.44528
1.02312
1.2936
2.68884
0.99
12
23.8368
0.736
0.72608
4.73741
2.40845
2.67904
0.6272
0.43776
2.23283
3.38688
0.77952
0.9856
2.04864
1
12
32.0307
0.989
0.97567
6.36589
3.23635
3.59996
0.8428
0.58824
3.00037
4.55112
1.04748
1.3244
2.75286
